<?xml version="1.0" encoding="UTF-8"?>
<!-- Generated by org.testng.reporters.JUnitXMLReporter -->
<testsuite ignored="0" hostname="EC2AMAZ-CS00R8Q" failures="0" tests="10" name="Surefire test" time="55.986" errors="0" timestamp="2025-07-20T09:39:50 UTC">
  <testcase classname="tests.LoginTest" name="bothInvalid" time="1.068"/>
  <testcase classname="tests.LoginTest" name="emptyBothFields" time="0.471"/>
  <testcase classname="tests.LoginTest" name="emptyPassword" time="1.021"/>
  <testcase classname="tests.LoginTest" name="emptyUsername" time="0.592"/>
  <testcase classname="tests.LoginTest" name="invalidPassword" time="1.108"/>
  <testcase classname="tests.LoginTest" name="invalidUsername" time="0.631"/>
  <testcase classname="tests.LoginTest" name="lockedOutUser" time="0.679"/>
  <testcase classname="tests.LoginTest" name="problemUserLogin" time="1.057"/>
  <testcase classname="tests.LoginTest" name="usernameCaseSensitivity" time="0.732"/>
  <testcase classname="tests.LoginTest" name="validLogin" time="0.754"/>
</testsuite> <!-- Surefire test -->
