<?xml version="1.0" encoding="UTF-8"?>
<!-- Generated by org.testng.reporters.JUnitXMLReporter -->
<testsuite ignored="0" hostname="EC2AMAZ-CS00R8Q" failures="1" tests="37" name="Login Test" time="92.556" errors="0" timestamp="2025-07-22T04:29:12 UTC">
  <testcase classname="tests.CartTest" name="@AfterMethod tearDown" time="0.002">
    <failure type="java.lang.NullPointerException" message="Cannot invoke &amp;quot;org.openqa.selenium.WebDriver.quit()&amp;quot; because &amp;quot;this.driver&amp;quot; is null">
      <![CDATA[java.lang.NullPointerException: Cannot invoke "org.openqa.selenium.WebDriver.quit()" because "this.driver" is null
at tests.CartTest.tearDown(CartTest.java:120)
at java.base/java.util.ArrayList.forEach(ArrayList.java:1596)
... Removed 30 stack frames]]>
    </failure>
  </testcase> <!-- @AfterMethod tearDown -->
  <testcase classname="tests.CartTest" name="@AfterMethod tearDown" time="-1.753158528748E9">
    <skipped/>
  </testcase> <!-- @AfterMethod tearDown -->
  <testcase classname="tests.CartTest" name="@AfterMethod tearDown" time="-1.753158528848E9">
    <skipped/>
  </testcase> <!-- @AfterMethod tearDown -->
  <testcase classname="tests.CartTest" name="@AfterMethod tearDown" time="-1.753158528874E9">
    <skipped/>
  </testcase> <!-- @AfterMethod tearDown -->
  <testcase classname="tests.CartTest" name="@AfterMethod tearDown" time="-1.753158528883E9">
    <skipped/>
  </testcase> <!-- @AfterMethod tearDown -->
  <testcase classname="tests.CartTest" name="@AfterMethod tearDown" time="-1.753158528898E9">
    <skipped/>
  </testcase> <!-- @AfterMethod tearDown -->
  <testcase classname="tests.CartTest" name="@AfterMethod tearDown" time="-1.753158528907E9">
    <skipped/>
  </testcase> <!-- @AfterMethod tearDown -->
  <testcase classname="tests.CartTest" name="@AfterMethod tearDown" time="-1.753158528922E9">
    <skipped/>
  </testcase> <!-- @AfterMethod tearDown -->
  <testcase classname="tests.CartTest" name="@AfterMethod tearDown" time="-1.753158528933E9">
    <skipped/>
  </testcase> <!-- @AfterMethod tearDown -->
  <testcase classname="tests.CartTest" name="@AfterMethod tearDown" time="-1.753158528939E9">
    <skipped/>
  </testcase> <!-- @AfterMethod tearDown -->
  <testcase classname="tests.LoginTest" name="bothInvalid" time="0.718"/>
  <testcase classname="tests.LoginTest" name="emptyBothFields" time="0.512"/>
  <testcase classname="tests.LoginTest" name="emptyPassword" time="0.492"/>
  <testcase classname="tests.LoginTest" name="emptyUsername" time="0.482"/>
  <testcase classname="tests.LoginTest" name="invalidPassword" time="0.658"/>
  <testcase classname="tests.LoginTest" name="invalidUsername" time="0.558"/>
  <testcase classname="tests.LoginTest" name="lockedOutUser" time="0.576"/>
  <testcase classname="tests.LoginTest" name="problemUserLogin" time="0.69"/>
  <testcase classname="tests.LoginTest" name="usernameCaseSensitivity" time="0.79"/>
  <testcase classname="tests.LoginTest" name="validLogin" time="0.73"/>
  <testcase classname="tests.ProductTest" name="addAllProductsToCart" time="0.599"/>
  <testcase classname="tests.ProductTest" name="addSingleProductToCart" time="0.211"/>
  <testcase classname="tests.ProductTest" name="openProductDetails" time="0.412"/>
  <testcase classname="tests.ProductTest" name="removeProductFromCart" time="0.186"/>
  <testcase classname="tests.ProductTest" name="sortByNameAZ" time="0.182"/>
  <testcase classname="tests.ProductTest" name="sortByNameZA" time="0.251"/>
  <testcase classname="tests.ProductTest" name="sortByPriceHighToLow" time="0.291"/>
  <testcase classname="tests.ProductTest" name="sortByPriceLowToHigh" time="0.167"/>
  <testcase classname="tests.ProductTest" name="verifyCartBadgeCount" time="0.348"/>
  <testcase classname="tests.ProductTest" name="verifyPageTitle" time="0.063"/>
  <testcase classname="tests.CartTest" name="addMultipleItemsToCartAndVerify" time="0.007">
    <failure type="java.lang.NullPointerException" message="Cannot invoke &amp;quot;pages.ProductPage.addProductByIndex(int)&amp;quot; because &amp;quot;this.productPage&amp;quot; is null">
      <![CDATA[java.lang.NullPointerException: Cannot invoke "pages.ProductPage.addProductByIndex(int)" because "this.productPage" is null
at tests.CartTest.addMultipleItemsToCartAndVerify(CartTest.java:90)
at java.base/java.util.ArrayList.forEach(ArrayList.java:1596)
... Removed 25 stack frames]]>
    </failure>
  </testcase> <!-- addMultipleItemsToCartAndVerify -->
  <testcase classname="tests.CartTest" name="addProductAndVerifyInCart" time="0.0">
    <skipped/>
  </testcase> <!-- addProductAndVerifyInCart -->
  <testcase classname="tests.CartTest" name="badgeCountMatchesCartItems" time="0.0">
    <skipped/>
  </testcase> <!-- badgeCountMatchesCartItems -->
  <testcase classname="tests.CartTest" name="cartPageWithoutAddingItems" time="0.0">
    <skipped/>
  </testcase> <!-- cartPageWithoutAddingItems -->
  <testcase classname="tests.CartTest" name="checkoutButtonNavigatesToCheckoutStepOne" time="0.0">
    <skipped/>
  </testcase> <!-- checkoutButtonNavigatesToCheckoutStepOne -->
  <testcase classname="tests.CartTest" name="continueShoppingReturnsToProducts" time="0.0">
    <skipped/>
  </testcase> <!-- continueShoppingReturnsToProducts -->
  <testcase classname="tests.CartTest" name="freshLoginHasEmptyCart" time="0.0">
    <skipped/>
  </testcase> <!-- freshLoginHasEmptyCart -->
  <testcase classname="tests.CartTest" name="removeItemFromCartPage" time="0.0">
    <skipped/>
  </testcase> <!-- removeItemFromCartPage -->
  <testcase classname="tests.CartTest" name="verifyProductNameInCart" time="0.0">
    <skipped/>
  </testcase> <!-- verifyProductNameInCart -->
  <testcase classname="tests.CartTest" name="verifyProductPriceInCart" time="0.0">
    <skipped/>
  </testcase> <!-- verifyProductPriceInCart -->
  <testcase classname="tests.ProductUITest" name="checkFontSizeOfProductTitle" time="0.058"/>
  <testcase classname="tests.ProductUITest" name="checkPageTitleText" time="0.068"/>
  <testcase classname="tests.ProductUITest" name="checkPriceColor" time="0.085"/>
  <testcase classname="tests.ProductUITest" name="scrollToBottomAndVerifyFooter" time="0.121"/>
  <testcase classname="tests.ProductUITest" name="validateImagesLoaded" time="0.056"/>
  <testcase classname="tests.ProductUITest" name="verifyInputSanitizationInCheckout" time="0.687"/>
  <testcase classname="tests.ProductUITest" name="verifyLogoIsVisible" time="0.095"/>
</testsuite> <!-- Login Test -->
